2024-04-21T22:16:03.090Z [my-bank-api] info: API started!
2024-04-21T22:16:39.741Z [my-bank-api] info: API started!
2024-04-21T22:16:42.672Z [my-bank-api] info: API started!
2024-04-21T22:16:44.755Z [my-bank-api] info: API started!
2024-04-21T22:17:19.234Z [my-bank-api] info: API started!
2024-04-21T22:17:25.833Z [my-bank-api] info: API started!
2024-04-21T22:17:27.593Z [my-bank-api] info: API started!
2024-04-21T22:17:29.561Z [my-bank-api] info: API started!
2024-04-21T22:17:32.257Z [my-bank-api] info: API started!
2024-04-21T22:17:34.339Z [my-bank-api] info: API started!
2024-04-21T22:17:38.348Z [my-bank-api] info: API started!
2024-04-21T22:17:40.666Z [my-bank-api] info: API started!
2024-04-21T22:17:52.075Z [my-bank-api] info: API started!
2024-04-21T22:20:46.815Z [my-bank-api] info: API started!
2024-04-21T22:21:50.771Z [my-bank-api] info: API started!
2024-04-21T22:22:32.511Z [my-bank-api] info: API started!
2024-04-21T22:22:38.813Z [my-bank-api] info: API started!
2024-04-21T22:23:08.807Z [my-bank-api] info: API started!
2024-04-21T22:23:10.420Z [my-bank-api] info: API started!
2024-04-21T22:23:13.439Z [my-bank-api] info: API started!
2024-04-21T22:24:18.248Z [my-bank-api] info: API started!
2024-04-21T22:24:32.273Z [my-bank-api] info: API started!
2024-04-21T22:24:51.708Z [my-bank-api] info: API started!
2024-04-21T22:24:54.993Z [my-bank-api] info: API started!
2024-04-21T22:24:56.834Z [my-bank-api] info: API started!
2024-04-21T22:24:58.327Z [my-bank-api] info: API started!
2024-04-21T22:25:09.506Z [my-bank-api] info: API started!
2024-04-21T22:25:12.811Z [my-bank-api] info: API started!
2024-04-21T22:25:13.998Z [my-bank-api] info: API started!
2024-04-21T22:25:22.020Z [my-bank-api] info: API started!
2024-04-21T22:26:36.731Z [my-bank-api] info: API started!
2024-04-21T22:27:42.809Z [my-bank-api] info: API started!
2024-04-21T22:27:46.038Z [my-bank-api] info: API started!
2024-04-21T22:27:51.414Z [my-bank-api] info: API started!
2024-04-21T22:27:55.007Z [my-bank-api] info: API started!
2024-04-21T22:28:52.534Z [my-bank-api] info: API started!
2024-04-21T22:29:09.449Z [my-bank-api] info: API started!
2024-04-21T22:30:29.819Z [my-bank-api] info: API started!
2024-04-21T22:30:34.492Z [my-bank-api] info: API started!
2024-04-21T22:30:42.013Z [my-bank-api] info: API started!
2024-04-21T22:30:46.577Z [my-bank-api] info: API started!
2024-04-21T22:33:27.252Z [my-bank-api] info: API started!
2024-04-21T22:33:34.393Z [my-bank-api] info: API started!
2024-04-21T22:33:36.095Z [my-bank-api] info: API started!
2024-04-21T22:33:41.938Z [my-bank-api] info: API started!
2024-04-21T22:33:49.851Z [my-bank-api] info: API started!
2024-04-21T22:34:06.658Z [my-bank-api] info: API started!
2024-04-21T22:34:18.750Z [my-bank-api] info: API started!
2024-04-21T22:34:20.930Z [my-bank-api] info: API started!
2024-04-21T22:34:22.275Z [my-bank-api] info: API started!
2024-04-21T22:34:24.398Z [my-bank-api] info: API started!
2024-04-21T22:34:29.379Z [my-bank-api] info: API started!
2024-04-21T22:34:31.118Z [my-bank-api] info: API started!
2024-04-21T22:34:35.438Z [my-bank-api] info: API started!
2024-04-21T22:34:39.150Z [my-bank-api] info: API started!
2024-04-21T22:35:45.258Z [my-bank-api] info: API started!
2024-04-21T22:36:24.067Z [my-bank-api] info: API started!
2024-04-21T22:36:30.165Z [my-bank-api] error: POST /delivery - Cliente, Produto e Valor are required.
2024-04-21T22:36:56.177Z [my-bank-api] info: API started!
2024-04-21T22:37:30.617Z [my-bank-api] info: API started!
2024-04-21T22:37:50.789Z [my-bank-api] info: API started!
2024-04-21T22:38:01.719Z [my-bank-api] info: API started!
2024-04-21T22:39:20.383Z [my-bank-api] info: API started!
2024-04-21T22:39:32.232Z [my-bank-api] info: API started!
2024-04-21T22:40:00.723Z [my-bank-api] info: API started!
2024-04-21T22:40:02.958Z [my-bank-api] info: API started!
2024-04-21T22:40:04.862Z [my-bank-api] info: API started!
2024-04-21T22:40:07.337Z [my-bank-api] info: API started!
2024-04-21T22:40:12.096Z [my-bank-api] info: API started!
2024-04-21T22:40:14.327Z [my-bank-api] info: API started!
2024-04-21T22:40:15.576Z [my-bank-api] info: API started!
2024-04-21T22:40:29.204Z [my-bank-api] info: API started!
2024-04-21T22:40:37.376Z [my-bank-api] info: API started!
2024-04-21T22:40:41.076Z [my-bank-api] info: API started!
2024-04-21T22:40:45.367Z [my-bank-api] info: API started!
2024-04-21T22:40:51.099Z [my-bank-api] info: API started!
2024-04-21T22:40:57.802Z [my-bank-api] info: API started!
2024-04-21T22:40:59.996Z [my-bank-api] info: API started!
2024-04-21T22:41:01.672Z [my-bank-api] info: API started!
2024-04-21T22:41:05.111Z [my-bank-api] info: API started!
2024-04-21T22:41:09.874Z [my-bank-api] info: API started!
2024-04-21T22:41:15.160Z [my-bank-api] info: API started!
2024-04-21T22:41:16.989Z [my-bank-api] info: API started!
2024-04-21T22:41:24.788Z [my-bank-api] info: API started!
2024-04-21T22:43:08.470Z [my-bank-api] info: API started!
2024-04-21T22:43:12.968Z [my-bank-api] info: API started!
2024-04-21T22:43:20.623Z [my-bank-api] info: API started!
2024-04-21T22:43:25.114Z [my-bank-api] info: API started!
2024-04-21T22:43:43.098Z [my-bank-api] info: API started!
2024-04-21T22:43:47.339Z [my-bank-api] info: API started!
2024-04-21T22:43:50.992Z [my-bank-api] info: API started!
2024-04-21T22:43:53.130Z [my-bank-api] info: API started!
2024-04-21T22:45:12.332Z [my-bank-api] error: PUT /delivery - pedido is not defined
2024-04-21T22:45:41.859Z [my-bank-api] info: API started!
2024-04-21T22:46:14.708Z [my-bank-api] info: API started!
2024-04-21T22:46:21.716Z [my-bank-api] info: API started!
2024-04-21T22:46:31.358Z [my-bank-api] info: API started!
2024-04-21T22:47:00.108Z [my-bank-api] info: API started!
2024-04-21T22:47:02.194Z [my-bank-api] info: API started!
2024-04-21T22:47:04.273Z [my-bank-api] info: API started!
2024-04-21T22:47:05.096Z [my-bank-api] info: API started!
2024-04-21T22:47:09.575Z [my-bank-api] info: API started!
2024-04-21T22:47:13.525Z [my-bank-api] info: API started!
2024-04-21T22:47:20.984Z [my-bank-api] info: API started!
2024-04-21T22:47:23.314Z [my-bank-api] info: API started!
2024-04-21T22:47:33.133Z [my-bank-api] info: API started!
2024-04-21T22:47:39.911Z [my-bank-api] info: API started!
2024-04-21T22:47:41.216Z [my-bank-api] info: API started!
2024-04-21T22:47:42.598Z [my-bank-api] info: API started!
2024-04-21T22:47:53.613Z [my-bank-api] info: API started!
2024-04-21T22:47:55.641Z [my-bank-api] info: API started!
2024-04-21T22:47:58.051Z [my-bank-api] info: API started!
2024-04-21T22:48:04.320Z [my-bank-api] info: API started!
2024-04-21T22:48:13.715Z [my-bank-api] info: API started!
2024-04-21T22:48:19.270Z [my-bank-api] info: API started!
2024-04-21T22:48:21.699Z [my-bank-api] info: API started!
2024-04-21T22:48:32.683Z [my-bank-api] info: POST /delivery - {"id":502,"cliente":"joana","produto":"catuaba","valor":15,"entregue":true}
2024-04-21T22:48:43.966Z [my-bank-api] info: POST /delivery - {"id":502,"cliente":"joana","produto":"quiabo","valor":15,"entregue":true}
2024-04-21T22:49:11.736Z [my-bank-api] info: API started!
2024-04-21T22:49:16.303Z [my-bank-api] info: API started!
2024-04-21T22:49:20.953Z [my-bank-api] info: API started!
2024-04-21T22:49:23.027Z [my-bank-api] info: API started!
2024-04-21T22:49:26.014Z [my-bank-api] info: API started!
2024-04-21T22:49:28.099Z [my-bank-api] info: API started!
2024-04-21T22:49:32.486Z [my-bank-api] info: API started!
2024-04-21T22:49:36.156Z [my-bank-api] info: API started!
2024-04-21T22:49:41.504Z [my-bank-api] info: API started!
2024-04-21T22:49:42.711Z [my-bank-api] info: API started!
2024-04-21T22:49:46.621Z [my-bank-api] info: API started!
2024-04-21T22:49:49.391Z [my-bank-api] info: API started!
2024-04-21T22:50:01.491Z [my-bank-api] info: API started!
2024-04-21T22:50:04.079Z [my-bank-api] info: API started!
2024-04-21T22:50:20.720Z [my-bank-api] info: POST /delivery - {"id":502,"cliente":"joana","produto":"quiabo","valor":15,"entregue":true}
2024-04-21T22:50:21.479Z [my-bank-api] info: API started!
2024-04-21T22:51:50.634Z [my-bank-api] info: POST /delivery - {"id":502,"cliente":"joana","produto":"aaaaa","valor":15,"entregue":true}
2024-04-21T22:51:51.463Z [my-bank-api] info: API started!
2024-04-21T22:53:51.695Z [my-bank-api] info: API started!
2024-04-21T22:53:58.711Z [my-bank-api] info: API started!
2024-04-21T22:54:13.647Z [my-bank-api] info: API started!
2024-04-21T22:54:16.349Z [my-bank-api] info: API started!
2024-04-21T22:54:19.181Z [my-bank-api] info: API started!
2024-04-21T22:54:24.561Z [my-bank-api] info: API started!
2024-04-21T22:54:33.329Z [my-bank-api] info: API started!
2024-04-21T22:54:37.111Z [my-bank-api] info: API started!
2024-04-21T22:54:47.485Z [my-bank-api] info: API started!
2024-04-21T22:54:49.517Z [my-bank-api] info: API started!
2024-04-21T22:54:50.440Z [my-bank-api] info: API started!
2024-04-21T22:55:04.360Z [my-bank-api] info: POST /delivery - {"id":502,"cliente":"joana","produto":"dasasd","valor":15,"entregue":true}
2024-04-21T22:55:05.130Z [my-bank-api] info: API started!
2024-04-21T22:55:54.055Z [my-bank-api] info: API started!
2024-04-21T22:55:57.305Z [my-bank-api] info: API started!
2024-04-21T22:56:03.553Z [my-bank-api] info: API started!
2024-04-21T22:56:06.008Z [my-bank-api] info: API started!
2024-04-21T22:56:21.544Z [my-bank-api] info: API started!
2024-04-21T22:56:28.482Z [my-bank-api] info: API started!
2024-04-21T22:56:45.222Z [my-bank-api] error: PUT /delivery - pedido is not defined
2024-04-21T22:57:13.216Z [my-bank-api] info: API started!
2024-04-21T22:57:14.482Z [my-bank-api] info: API started!
2024-04-21T22:57:15.902Z [my-bank-api] error: PUT /delivery - pedido is not defined
2024-04-21T22:57:23.953Z [my-bank-api] info: API started!
2024-04-21T22:57:26.036Z [my-bank-api] info: API started!
2024-04-21T22:57:27.330Z [my-bank-api] info: API started!
2024-04-21T22:57:59.731Z [my-bank-api] info: API started!
2024-04-21T22:58:01.327Z [my-bank-api] info: API started!
2024-04-21T22:58:23.490Z [my-bank-api] info: API started!
2024-04-21T22:58:25.898Z [my-bank-api] error: PUT /delivery - Produto dasasd inexistente no pedido 502
2024-04-21T22:58:40.033Z [my-bank-api] info: API started!
2024-04-21T22:58:43.027Z [my-bank-api] info: API started!
2024-04-21T22:59:25.513Z [my-bank-api] info: POST /delivery - {"id":502,"cliente":"joana","produto":"aaaaa","valor":32,"entregue":true}
2024-04-21T22:59:26.174Z [my-bank-api] info: API started!
2024-04-21T23:00:25.809Z [my-bank-api] info: API started!
2024-04-21T23:00:43.148Z [my-bank-api] info: API started!
2024-04-21T23:00:51.161Z [my-bank-api] info: API started!
2024-04-21T23:01:25.767Z [my-bank-api] info: API started!
2024-04-21T23:01:34.298Z [my-bank-api] info: API started!
2024-04-21T23:01:36.980Z [my-bank-api] info: API started!
2024-04-21T23:01:49.779Z [my-bank-api] info: API started!
2024-04-21T23:01:58.853Z [my-bank-api] info: API started!
2024-04-21T23:02:06.377Z [my-bank-api] info: API started!
2024-04-21T23:02:08.596Z [my-bank-api] info: API started!
2024-04-21T23:02:10.600Z [my-bank-api] info: API started!
2024-04-21T23:02:18.316Z [my-bank-api] info: API started!
2024-04-21T23:02:19.459Z [my-bank-api] info: API started!
2024-04-21T23:02:22.965Z [my-bank-api] info: API started!
2024-04-21T23:02:34.611Z [my-bank-api] info: API started!
2024-04-21T23:02:36.837Z [my-bank-api] info: API started!
2024-04-21T23:02:39.284Z [my-bank-api] info: API started!
2024-04-21T23:02:40.568Z [my-bank-api] info: API started!
2024-04-21T23:02:57.474Z [my-bank-api] info: API started!
2024-04-21T23:02:59.686Z [my-bank-api] info: API started!
2024-04-21T23:03:25.288Z [my-bank-api] info: API started!
2024-04-21T23:03:28.316Z [my-bank-api] info: API started!
2024-04-21T23:03:30.994Z [my-bank-api] info: API started!
2024-04-21T23:03:41.759Z [my-bank-api] info: API started!
2024-04-21T23:03:53.001Z [my-bank-api] info: API started!
2024-04-21T23:03:54.794Z [my-bank-api] info: API started!
2024-04-21T23:04:05.361Z [my-bank-api] info: API started!
2024-04-21T23:04:15.622Z [my-bank-api] info: API started!
2024-04-21T23:04:18.399Z [my-bank-api] info: API started!
2024-04-21T23:04:32.669Z [my-bank-api] info: API started!
2024-04-21T23:04:55.770Z [my-bank-api] info: API started!
2024-04-21T23:04:58.325Z [my-bank-api] info: API started!
2024-04-21T23:04:59.623Z [my-bank-api] info: API started!
2024-04-21T23:05:01.892Z [my-bank-api] info: API started!
2024-04-21T23:05:05.262Z [my-bank-api] info: API started!
2024-04-21T23:05:07.079Z [my-bank-api] info: API started!
2024-04-21T23:05:09.105Z [my-bank-api] info: API started!
2024-04-21T23:05:24.991Z [my-bank-api] info: API started!
2024-04-21T23:05:28.606Z [my-bank-api] info: API started!
2024-04-21T23:05:29.986Z [my-bank-api] info: API started!
2024-04-21T23:05:32.599Z [my-bank-api] info: API started!
2024-04-21T23:05:41.320Z [my-bank-api] info: API started!
2024-04-21T23:05:44.565Z [my-bank-api] info: API started!
2024-04-21T23:05:47.316Z [my-bank-api] info: API started!
2024-04-21T23:05:50.410Z [my-bank-api] info: API started!
2024-04-21T23:05:52.186Z [my-bank-api] info: API started!
2024-04-21T23:05:54.666Z [my-bank-api] info: API started!
2024-04-21T23:06:14.957Z [my-bank-api] info: API started!
2024-04-21T23:06:25.633Z [my-bank-api] info: API started!
2024-04-21T23:06:42.719Z [my-bank-api] info: API started!
2024-04-21T23:06:44.964Z [my-bank-api] info: API started!
2024-04-21T23:06:48.722Z [my-bank-api] info: API started!
2024-04-21T23:06:52.586Z [my-bank-api] info: API started!
2024-04-21T23:08:10.131Z [my-bank-api] error: PATCH /delivery - rew is not defined
2024-04-21T23:08:30.049Z [my-bank-api] info: API started!
2024-04-21T23:08:33.713Z [my-bank-api] info: API started!
2024-04-21T23:08:35.090Z [my-bank-api] error: PATCH /delivery - ID e Entregue são obrigatórios.
2024-04-21T23:12:02.918Z [my-bank-api] info: API started!
2024-04-21T23:12:12.906Z [my-bank-api] info: API started!
2024-04-21T23:12:37.303Z [my-bank-api] info: API started!
2024-04-21T23:16:05.472Z [my-bank-api] error: PATCH /delivery - Cannot read properties of undefined (reading '501')
2024-04-21T23:16:06.556Z [my-bank-api] info: API started!
2024-04-21T23:17:25.427Z [my-bank-api] error: PATCH /delivery - Cannot read properties of undefined (reading '500')
2024-04-21T23:17:26.126Z [my-bank-api] info: API started!
2024-04-21T23:22:29.631Z [my-bank-api] error: PATCH /delivery - Cannot read properties of undefined (reading '500')
2024-04-21T23:22:30.350Z [my-bank-api] info: API started!
2024-04-21T23:24:25.314Z [my-bank-api] error: PUT /delivery - Produto queijo inexistente no pedido 502
2024-04-21T23:24:52.993Z [my-bank-api] info: POST /delivery - {"id":502,"cliente":"joana","produto":"aaaaa","valor":321,"entregue":true}
2024-04-21T23:24:54.049Z [my-bank-api] info: API started!
2024-04-21T23:25:27.194Z [my-bank-api] info: API started!
2024-04-21T23:25:31.491Z [my-bank-api] error: PATCH /delivery - Cannot read properties of undefined (reading '500')
2024-04-21T23:25:32.253Z [my-bank-api] info: API started!
2024-04-21T23:26:05.431Z [my-bank-api] info: API started!
2024-04-21T23:26:07.381Z [my-bank-api] info: API started!
2024-04-21T23:26:11.363Z [my-bank-api] info: API started!
2024-04-21T23:26:11.569Z [my-bank-api] error: PATCH /delivery - Cannot read properties of undefined (reading '500')
2024-04-21T23:26:12.324Z [my-bank-api] info: API started!
2024-04-21T23:26:29.794Z [my-bank-api] info: API started!
2024-04-21T23:26:31.521Z [my-bank-api] info: API started!
2024-04-21T23:26:34.089Z [my-bank-api] info: API started!
2024-04-21T23:26:40.193Z [my-bank-api] info: API started!
2024-04-21T23:26:40.618Z [my-bank-api] error: PATCH /delivery - Cannot read properties of undefined (reading '500')
2024-04-21T23:26:41.558Z [my-bank-api] info: API started!
2024-04-21T23:26:45.038Z [my-bank-api] error: PATCH /delivery - Cannot read properties of undefined (reading '500')
2024-04-21T23:26:45.694Z [my-bank-api] info: API started!
2024-04-21T23:27:01.309Z [my-bank-api] info: API started!
2024-04-21T23:27:01.936Z [my-bank-api] error: PATCH /delivery - Cannot read properties of undefined (reading '500')
2024-04-21T23:27:02.664Z [my-bank-api] info: API started!
2024-04-21T23:28:23.443Z [my-bank-api] info: API started!
2024-04-21T23:28:26.148Z [my-bank-api] info: API started!
2024-04-21T23:28:27.607Z [my-bank-api] info: API started!
2024-04-21T23:28:38.211Z [my-bank-api] info: API started!
2024-04-21T23:29:04.478Z [my-bank-api] info: API started!
2024-04-21T23:29:06.715Z [my-bank-api] info: API started!
2024-04-21T23:29:36.611Z [my-bank-api] info: API started!
2024-04-21T23:29:52.377Z [my-bank-api] error: PATCH /delivery - Cannot set properties of undefined (setting 'entregue')
2024-04-21T23:30:08.504Z [my-bank-api] error: PATCH /delivery - Cannot set properties of undefined (setting 'entregue')
2024-04-21T23:30:20.159Z [my-bank-api] error: PATCH /delivery - Cannot set properties of undefined (setting 'entregue')
2024-04-21T23:32:43.537Z [my-bank-api] info: API started!
2024-04-21T23:32:50.264Z [my-bank-api] error: PATCH /delivery - Pedido não encontrado
2024-04-21T23:33:16.502Z [my-bank-api] info: API started!
2024-04-21T23:33:17.662Z [my-bank-api] info: API started!
2024-04-21T23:33:19.952Z [my-bank-api] info: API started!
2024-04-21T23:33:20.588Z [my-bank-api] error: PATCH /delivery - Pedido não encontrado
2024-04-21T23:33:28.752Z [my-bank-api] error: PATCH /delivery - Pedido não encontrado
2024-04-21T23:33:43.978Z [my-bank-api] info: API started!
2024-04-21T23:33:44.896Z [my-bank-api] error: PATCH /delivery - Pedido não encontrado
2024-04-21T23:34:12.761Z [my-bank-api] info: API started!
2024-04-21T23:34:15.720Z [my-bank-api] error: PATCH /delivery - Pedido não encontrado
2024-04-21T23:34:36.660Z [my-bank-api] info: API started!
2024-04-21T23:35:08.794Z [my-bank-api] info: API started!
2024-04-21T23:35:11.344Z [my-bank-api] info: API started!
2024-04-21T23:35:18.475Z [my-bank-api] info: API started!
2024-04-21T23:35:21.781Z [my-bank-api] info: API started!
2024-04-21T23:35:23.071Z [my-bank-api] info: API started!
2024-04-21T23:35:28.034Z [my-bank-api] info: API started!
2024-04-21T23:35:36.367Z [my-bank-api] info: API started!
2024-04-21T23:35:38.767Z [my-bank-api] info: API started!
2024-04-21T23:35:41.818Z [my-bank-api] info: API started!
2024-04-21T23:35:43.229Z [my-bank-api] info: API started!
2024-04-21T23:35:47.100Z [my-bank-api] info: API started!
2024-04-21T23:35:48.737Z [my-bank-api] info: API started!
2024-04-21T23:35:49.812Z [my-bank-api] info: API started!
2024-04-21T23:35:50.898Z [my-bank-api] info: API started!
2024-04-21T23:35:53.033Z [my-bank-api] info: API started!
2024-04-21T23:36:02.064Z [my-bank-api] error: PATCH /delivery - Cannot read properties of undefined (reading '499')
2024-04-21T23:36:02.848Z [my-bank-api] info: API started!
2024-04-21T23:37:03.379Z [my-bank-api] info: API started!
2024-04-21T23:37:04.101Z [my-bank-api] error: PATCH /delivery - Cannot read properties of undefined (reading '499')
2024-04-21T23:37:04.935Z [my-bank-api] info: API started!
2024-04-21T23:40:48.063Z [my-bank-api] info: API started!
2024-04-21T23:40:48.309Z [my-bank-api] error: PATCH /delivery - Cannot read properties of undefined (reading '499')
2024-04-21T23:40:49.193Z [my-bank-api] info: API started!
2024-04-21T23:41:12.418Z [my-bank-api] info: API started!
2024-04-21T23:41:13.246Z [my-bank-api] error: PATCH /delivery - Cannot read properties of undefined (reading '499')
2024-04-21T23:41:14.082Z [my-bank-api] info: API started!
2024-04-21T23:41:33.207Z [my-bank-api] info: API started!
2024-04-21T23:41:40.861Z [my-bank-api] info: API started!
2024-04-21T23:41:42.093Z [my-bank-api] error: PATCH /delivery - Cannot read properties of undefined (reading '499')
2024-04-21T23:41:42.864Z [my-bank-api] info: API started!
2024-04-21T23:41:56.930Z [my-bank-api] info: API started!
2024-04-21T23:41:58.937Z [my-bank-api] error: PATCH /delivery - Cannot read properties of undefined (reading '499')
2024-04-21T23:41:59.679Z [my-bank-api] info: API started!
2024-04-21T23:42:06.104Z [my-bank-api] error: PATCH /delivery - Cannot read properties of undefined (reading '499')
2024-04-21T23:42:06.759Z [my-bank-api] info: API started!
2024-04-21T23:42:24.688Z [my-bank-api] error: PATCH /delivery - Cannot read properties of undefined (reading '499')
2024-04-21T23:42:25.517Z [my-bank-api] info: API started!
2024-04-21T23:42:44.010Z [my-bank-api] error: PATCH /delivery - Cannot read properties of undefined (reading '501')
2024-04-21T23:42:44.691Z [my-bank-api] info: API started!
2024-04-21T23:43:26.039Z [my-bank-api] info: API started!
2024-04-21T23:43:26.940Z [my-bank-api] error: PATCH /delivery - pedidos is not defined
2024-04-21T23:43:33.008Z [my-bank-api] info: API started!
2024-04-21T23:43:33.083Z [my-bank-api] error: PATCH /delivery - pedido is not defined
2024-04-21T23:43:37.938Z [my-bank-api] info: API started!
2024-04-21T23:43:59.286Z [my-bank-api] info: API started!
2024-04-21T23:43:59.916Z [my-bank-api] error: PATCH /delivery - Cannot read properties of undefined (reading '501')
2024-04-21T23:44:00.799Z [my-bank-api] info: API started!
2024-04-21T23:45:15.515Z [my-bank-api] error: PATCH /delivery - Cannot read properties of undefined (reading '501')
2024-04-21T23:45:16.191Z [my-bank-api] info: API started!
2024-04-21T23:45:25.264Z [my-bank-api] info: API started!
2024-04-21T23:45:26.734Z [my-bank-api] error: PATCH /delivery - Cannot read properties of undefined (reading '501')
2024-04-21T23:45:27.496Z [my-bank-api] info: API started!
2024-04-21T23:45:47.569Z [my-bank-api] error: PATCH /delivery - Cannot read properties of undefined (reading '501')
2024-04-21T23:45:48.241Z [my-bank-api] info: API started!
2024-04-21T23:47:29.382Z [my-bank-api] info: API started!
2024-04-21T23:47:31.485Z [my-bank-api] info: API started!
2024-04-21T23:47:32.640Z [my-bank-api] error: PATCH /delivery - Cannot read properties of undefined (reading '501')
2024-04-21T23:47:33.273Z [my-bank-api] info: API started!
2024-04-21T23:48:00.117Z [my-bank-api] info: API started!
2024-04-21T23:48:00.860Z [my-bank-api] error: PATCH /delivery - Cannot read properties of undefined (reading '501')
2024-04-21T23:48:01.578Z [my-bank-api] info: API started!
2024-04-21T23:48:22.552Z [my-bank-api] info: API started!
2024-04-21T23:48:22.587Z [my-bank-api] error: PATCH /delivery - Cannot read properties of undefined (reading '501')
2024-04-21T23:48:23.570Z [my-bank-api] info: API started!
2024-04-21T23:48:52.001Z [my-bank-api] info: API started!
2024-04-21T23:49:03.321Z [my-bank-api] error: PATCH /delivery - Cannot read properties of undefined (reading '501')
2024-04-21T23:49:04.099Z [my-bank-api] info: API started!
2024-04-21T23:51:38.116Z [my-bank-api] info: API started!
2024-04-21T23:51:38.962Z [my-bank-api] error: PATCH /delivery - account is not defined
2024-04-21T23:51:39.699Z [my-bank-api] info: API started!
2024-04-21T23:51:59.160Z [my-bank-api] info: API started!
2024-04-21T23:52:01.471Z [my-bank-api] info: API started!
2024-04-21T23:52:05.832Z [my-bank-api] info: API started!
2024-04-21T23:52:08.041Z [my-bank-api] info: API started!
2024-04-21T23:52:13.020Z [my-bank-api] info: API started!
2024-04-21T23:52:13.614Z [my-bank-api] error: PATCH /delivery - Cannot read properties of undefined (reading '501')
2024-04-21T23:52:14.385Z [my-bank-api] info: API started!
2024-04-21T23:52:20.331Z [my-bank-api] info: API started!
2024-04-21T23:52:20.446Z [my-bank-api] error: PATCH /delivery - account is not defined
2024-04-21T23:52:21.152Z [my-bank-api] info: API started!
2024-04-21T23:52:26.872Z [my-bank-api] error: PATCH /delivery - account is not defined
2024-04-21T23:52:27.459Z [my-bank-api] info: API started!
2024-04-21T23:53:32.779Z [my-bank-api] error: PATCH /delivery - account is not defined
2024-04-21T23:53:33.622Z [my-bank-api] info: API started!
2024-04-21T23:54:18.289Z [my-bank-api] info: API started!
2024-04-21T23:54:23.111Z [my-bank-api] error: PATCH /delivery - account is not defined
2024-04-21T23:54:23.679Z [my-bank-api] info: API started!
2024-04-21T23:54:44.658Z [my-bank-api] info: API started!
2024-04-21T23:56:37.877Z [my-bank-api] info: API started!
2024-04-21T23:56:40.246Z [my-bank-api] error: PATCH /delivery - account is not defined
2024-04-21T23:56:41.037Z [my-bank-api] info: API started!
2024-04-21T23:56:50.959Z [my-bank-api] info: API started!
2024-04-21T23:57:25.646Z [my-bank-api] info: API started!
2024-04-21T23:57:29.945Z [my-bank-api] error: PATCH /delivery - account is not defined
2024-04-21T23:57:30.681Z [my-bank-api] info: API started!
2024-04-21T23:57:46.168Z [my-bank-api] info: API started!
2024-04-21T23:57:48.128Z [my-bank-api] info: API started!
2024-04-21T23:58:04.552Z [my-bank-api] info: API started!
2024-04-21T23:58:35.212Z [my-bank-api] info: API started!
2024-04-21T23:58:45.210Z [my-bank-api] info: API started!
2024-04-21T23:58:48.123Z [my-bank-api] info: API started!
2024-04-21T23:58:50.479Z [my-bank-api] info: PATCH /delivery/updateOrderStatus - {"id":501,"entregue":false}
2024-04-21T23:58:51.253Z [my-bank-api] info: API started!
2024-04-21T23:59:10.906Z [my-bank-api] info: API started!
2024-04-21T23:59:23.163Z [my-bank-api] info: PATCH /delivery/updateOrderStatus - {"id":502,"entregue":false}
2024-04-21T23:59:23.925Z [my-bank-api] info: API started!
2024-04-21T23:59:49.806Z [my-bank-api] info: API started!
2024-04-22T00:05:24.407Z [my-bank-api] info: API started!
2024-04-22T00:05:49.378Z [my-bank-api] info: API started!
2024-04-22T00:05:51.470Z [my-bank-api] info: PATCH /delivery/updateOrderStatus - {"id":502,"entregue":false}
2024-04-22T00:05:52.407Z [my-bank-api] info: API started!
2024-04-22T00:07:55.863Z [my-bank-api] info: API started!
2024-04-22T00:08:17.806Z [my-bank-api] info: API started!
2024-04-22T00:08:23.987Z [my-bank-api] info: API started!
2024-04-22T00:08:45.432Z [my-bank-api] info: API started!
2024-04-22T00:08:48.228Z [my-bank-api] info: API started!
2024-04-22T00:09:02.566Z [my-bank-api] info: API started!
2024-04-22T00:09:13.423Z [my-bank-api] info: API started!
2024-04-22T00:09:29.418Z [my-bank-api] info: API started!
2024-04-22T00:09:40.114Z [my-bank-api] info: API started!
2024-04-22T00:09:46.318Z [my-bank-api] info: API started!
2024-04-22T00:09:48.018Z [my-bank-api] info: API started!
2024-04-22T00:09:54.634Z [my-bank-api] info: API started!
2024-04-22T00:10:14.312Z [my-bank-api] info: API started!
2024-04-22T00:10:16.928Z [my-bank-api] info: API started!
2024-04-22T00:10:30.428Z [my-bank-api] info: API started!
2024-04-22T00:11:24.966Z [my-bank-api] info: API started!
2024-04-22T00:11:39.307Z [my-bank-api] info: API started!
2024-04-22T00:11:43.999Z [my-bank-api] info: API started!
2024-04-22T00:11:45.366Z [my-bank-api] info: API started!
2024-04-22T00:11:58.584Z [my-bank-api] info: API started!
2024-04-22T00:12:06.478Z [my-bank-api] info: API started!
2024-04-22T00:13:07.598Z [my-bank-api] info: DELETE /pedido/:id - 502
2024-04-22T00:13:08.212Z [my-bank-api] info: API started!
2024-04-22T00:14:16.848Z [my-bank-api] info: API started!
2024-04-22T00:14:22.115Z [my-bank-api] info: API started!
2024-04-22T00:14:56.446Z [my-bank-api] info: API started!
2024-04-22T00:15:01.060Z [my-bank-api] info: API started!
2024-04-22T00:15:06.856Z [my-bank-api] info: API started!
2024-04-22T00:15:12.407Z [my-bank-api] info: API started!
2024-04-22T00:15:16.414Z [my-bank-api] info: API started!
2024-04-22T00:15:26.851Z [my-bank-api] info: API started!
2024-04-22T00:15:28.382Z [my-bank-api] info: API started!
2024-04-22T00:15:34.240Z [my-bank-api] info: API started!
2024-04-22T00:15:40.835Z [my-bank-api] info: API started!
2024-04-22T00:15:45.164Z [my-bank-api] info: API started!
2024-04-22T00:15:48.953Z [my-bank-api] info: API started!
2024-04-22T00:15:52.993Z [my-bank-api] info: API started!
2024-04-22T00:15:55.844Z [my-bank-api] info: API started!
2024-04-22T00:15:57.933Z [my-bank-api] info: API started!
2024-04-22T00:16:06.713Z [my-bank-api] info: API started!
2024-04-22T00:16:08.258Z [my-bank-api] info: API started!
2024-04-22T00:16:21.524Z [my-bank-api] info: API started!
2024-04-22T00:16:24.640Z [my-bank-api] info: API started!
2024-04-22T00:16:34.837Z [my-bank-api] info: API started!
2024-04-22T00:16:37.393Z [my-bank-api] info: API started!
2024-04-22T00:16:43.956Z [my-bank-api] info: API started!
2024-04-22T00:16:48.602Z [my-bank-api] info: API started!
2024-04-22T00:16:49.986Z [my-bank-api] info: API started!
2024-04-22T00:16:52.877Z [my-bank-api] info: API started!
2024-04-22T00:17:15.095Z [my-bank-api] info: GET /account/:id
2024-04-22T00:17:21.384Z [my-bank-api] info: GET /account/:id
2024-04-22T00:17:25.885Z [my-bank-api] info: GET /account/:id
2024-04-22T00:18:09.974Z [my-bank-api] info: API started!
2024-04-22T00:18:16.943Z [my-bank-api] info: API started!
2024-04-22T00:18:32.597Z [my-bank-api] info: API started!
2024-04-22T00:18:43.068Z [my-bank-api] info: API started!
2024-04-22T00:18:47.726Z [my-bank-api] info: API started!
2024-04-22T00:18:55.145Z [my-bank-api] info: API started!
2024-04-22T00:19:04.080Z [my-bank-api] info: GET /account
2024-04-22T12:02:13.736Z [my-bank-api] info: API started!
2024-04-22T12:02:41.904Z [my-bank-api] info: API started!
2024-04-22T12:02:45.185Z [my-bank-api] info: API started!
2024-04-22T12:02:52.971Z [my-bank-api] info: API started!
2024-04-22T12:03:02.487Z [my-bank-api] info: API started!
2024-04-22T12:03:30.220Z [my-bank-api] info: API started!
2024-04-22T12:03:32.745Z [my-bank-api] info: API started!
2024-04-22T12:09:58.929Z [my-bank-api] info: API started!
2024-04-22T12:10:05.160Z [my-bank-api] info: API started!
2024-04-22T12:10:19.240Z [my-bank-api] info: API started!
2024-04-22T12:10:20.540Z [my-bank-api] info: API started!
2024-04-22T12:10:36.777Z [my-bank-api] info: API started!
2024-04-22T12:10:49.099Z [my-bank-api] info: API started!
2024-04-22T12:12:35.986Z [my-bank-api] info: API started!
2024-04-22T12:12:57.813Z [my-bank-api] info: GET /account/:id
2024-04-22T12:13:16.794Z [my-bank-api] info: GET /account/:id
2024-04-22T12:14:40.304Z [my-bank-api] info: API started!
2024-04-22T12:15:02.650Z [my-bank-api] info: GET /account/:id
2024-04-22T12:15:20.510Z [my-bank-api] info: API started!
2024-04-22T12:16:07.627Z [my-bank-api] info: API started!
2024-04-22T12:18:15.138Z [my-bank-api] info: API started!
2024-04-22T12:18:20.221Z [my-bank-api] info: API started!
2024-04-22T12:18:25.956Z [my-bank-api] info: API started!
2024-04-22T12:18:30.054Z [my-bank-api] info: API started!
2024-04-22T12:18:38.790Z [my-bank-api] info: API started!
2024-04-22T12:18:44.458Z [my-bank-api] info: API started!
2024-04-22T12:18:50.988Z [my-bank-api] info: API started!
2024-04-22T12:19:18.022Z [my-bank-api] info: API started!
2024-04-22T12:19:22.964Z [my-bank-api] info: API started!
2024-04-22T12:19:24.568Z [my-bank-api] info: API started!
2024-04-22T12:19:28.633Z [my-bank-api] info: API started!
2024-04-22T12:19:31.700Z [my-bank-api] info: GET /pedidos/:id
2024-04-22T12:20:49.747Z [my-bank-api] info: API started!
2024-04-22T12:20:51.037Z [my-bank-api] info: API started!
2024-04-22T12:20:58.337Z [my-bank-api] info: API started!
2024-04-22T12:21:01.226Z [my-bank-api] info: API started!
2024-04-22T12:21:04.576Z [my-bank-api] info: GET /pedidos/:id
2024-04-22T12:21:35.360Z [my-bank-api] info: API started!
2024-04-22T12:21:39.868Z [my-bank-api] info: API started!
2024-04-22T12:21:42.377Z [my-bank-api] info: API started!
2024-04-22T12:21:47.372Z [my-bank-api] info: GET /pedidos/:id
2024-04-22T12:25:18.978Z [my-bank-api] info: API started!
2024-04-22T12:25:26.659Z [my-bank-api] info: GET /pedidos/:id
2024-04-22T12:25:39.055Z [my-bank-api] info: API started!
2024-04-22T12:25:41.458Z [my-bank-api] info: API started!
2024-04-22T12:25:43.866Z [my-bank-api] info: API started!
2024-04-22T12:25:45.196Z [my-bank-api] info: API started!
2024-04-22T12:25:46.654Z [my-bank-api] info: GET /pedidos/:id
2024-04-22T12:28:09.933Z [my-bank-api] info: API started!
2024-04-22T12:28:11.285Z [my-bank-api] info: API started!
2024-04-22T12:28:14.233Z [my-bank-api] error: GET /delivery - name is not defined
2024-04-22T12:33:11.335Z [my-bank-api] info: API started!
2024-04-22T12:33:13.357Z [my-bank-api] info: API started!
2024-04-22T12:33:16.309Z [my-bank-api] info: API started!
2024-04-22T12:33:22.297Z [my-bank-api] error: GET /delivery - pedidos is not defined
2024-04-22T12:33:32.991Z [my-bank-api] info: API started!
2024-04-22T12:33:33.920Z [my-bank-api] error: GET /delivery - order is not defined
2024-04-22T12:34:21.095Z [my-bank-api] info: API started!
2024-04-22T12:34:22.982Z [my-bank-api] error: GET /delivery - order is not defined
2024-04-22T12:36:07.180Z [my-bank-api] info: API started!
2024-04-22T12:36:20.536Z [my-bank-api] info: GET /product
2024-04-22T12:41:05.515Z [my-bank-api] info: API started!
2024-04-22T12:41:21.007Z [my-bank-api] info: API started!
2024-04-22T12:41:24.757Z [my-bank-api] info: API started!
2024-04-22T12:41:25.960Z [my-bank-api] info: GET /product
2024-04-22T12:42:01.301Z [my-bank-api] info: API started!
2024-04-22T12:42:37.442Z [my-bank-api] info: API started!
2024-04-22T12:44:27.564Z [my-bank-api] info: API started!
2024-04-22T12:44:28.525Z [my-bank-api] info: API started!
2024-04-22T12:44:48.159Z [my-bank-api] info: API started!
2024-04-22T12:44:51.612Z [my-bank-api] info: API started!
2024-04-22T12:44:55.392Z [my-bank-api] info: API started!
2024-04-22T12:44:57.295Z [my-bank-api] info: API started!
2024-04-22T12:45:13.038Z [my-bank-api] info: GET /client/undefined/totalOrder
2024-04-22T12:46:02.066Z [my-bank-api] info: API started!
2024-04-22T12:46:05.881Z [my-bank-api] info: API started!
2024-04-22T12:46:13.115Z [my-bank-api] info: API started!
2024-04-22T12:46:15.417Z [my-bank-api] info: API started!
2024-04-22T12:46:19.699Z [my-bank-api] error: GET /delivery - Cannot destructure property 'clientName' of 'req.params.cliente' as it is undefined.
2024-04-22T12:47:52.833Z [my-bank-api] info: API started!
2024-04-22T12:47:54.551Z [my-bank-api] info: API started!
2024-04-22T12:47:55.702Z [my-bank-api] info: API started!
2024-04-22T12:48:01.281Z [my-bank-api] info: API started!
2024-04-22T12:48:03.976Z [my-bank-api] info: GET /client/undefined/totalOrder
2024-04-22T12:51:02.503Z [my-bank-api] info: API started!
2024-04-22T12:51:05.322Z [my-bank-api] info: API started!
2024-04-22T12:51:15.618Z [my-bank-api] info: API started!
2024-04-22T12:51:32.616Z [my-bank-api] info: API started!
2024-04-22T12:51:35.619Z [my-bank-api] info: API started!
2024-04-22T12:52:00.057Z [my-bank-api] info: API started!
2024-04-22T12:52:08.427Z [my-bank-api] error: GET /delivery - id is not defined
2024-04-22T12:52:36.215Z [my-bank-api] info: API started!
2024-04-22T12:52:40.184Z [my-bank-api] info: API started!
2024-04-22T12:54:26.653Z [my-bank-api] info: API started!
2024-04-22T12:54:30.321Z [my-bank-api] info: API started!
2024-04-22T12:54:34.932Z [my-bank-api] error: GET /delivery - cliente is not defined
2024-04-22T12:58:46.956Z [my-bank-api] info: API started!
2024-04-22T12:59:11.147Z [my-bank-api] info: API started!
2024-04-22T12:59:45.843Z [my-bank-api] info: GET /client/Porfírio Fitas/totalOrder
2024-04-22T13:00:40.618Z [my-bank-api] info: GET /client/Daniel Pedroso/totalOrder
2024-04-22T13:02:20.608Z [my-bank-api] info: API started!
2024-04-22T13:02:22.916Z [my-bank-api] info: API started!
2024-04-22T13:02:27.414Z [my-bank-api] info: API started!
2024-04-22T13:02:29.045Z [my-bank-api] info: API started!
2024-04-22T13:02:33.813Z [my-bank-api] info: API started!
2024-04-22T13:02:47.629Z [my-bank-api] info: API started!
2024-04-22T13:02:53.374Z [my-bank-api] info: API started!
2024-04-22T13:02:54.446Z [my-bank-api] info: API started!
2024-04-22T13:02:56.090Z [my-bank-api] info: API started!
2024-04-22T13:02:58.755Z [my-bank-api] info: API started!
2024-04-22T13:07:48.575Z [my-bank-api] info: API started!
2024-04-22T13:08:04.539Z [my-bank-api] info: API started!
2024-04-22T13:08:07.832Z [my-bank-api] info: API started!
2024-04-22T13:08:12.275Z [my-bank-api] info: API started!
2024-04-22T13:08:13.574Z [my-bank-api] info: API started!
2024-04-22T13:08:36.729Z [my-bank-api] info: API started!
2024-04-22T13:08:56.351Z [my-bank-api] info: GET /mostSoldProducts
2024-04-22T13:09:16.541Z [my-bank-api] info: API started!
